<?xml version="1.0" encoding="utf-8"?><TestRun id="22e82479-4156-4320-9c81-bd18987fdfa0" name="@3Azzoz 2018-08-27 14:30:46" xmlns="http://microsoft.com/schemas/VisualStudio/TeamTest/2010"><Times creation="2018-08-27T14:30:46.1109932+02:00" queuing="2018-08-27T14:30:46.1109934+02:00" start="2018-08-27T14:30:45.0293667+02:00" finish="2018-08-27T14:30:46.1382014+02:00" /><TestSettings name="default" id="49b64cb7-f3ba-4656-8a2d-9d8da7c61dd5"><Deployment runDeploymentRoot="_3Azzoz_2018-08-27_14_30_46" /></TestSettings><Results><UnitTestResult executionId="a34a66f1-eed1-4ef8-a02b-db683feb7dd8" testId="4acadb70-925c-04ca-343b-a207dbd860d2" testName="AddAndRemove" computerName="3Azzoz" duration="00:00:00.0024436" startTime="2018-08-27T14:30:45.8995780+02:00" endTime="2018-08-27T14:30:45.9022388+02:00" testType="13cdc9d9-ddb5-4fa4-a97d-d965ccfc6d4b" outcome="Passed" testListId="8c84fa94-04c1-424b-9868-57a2d4851a1d" relativeResultsDirectory="a34a66f1-eed1-4ef8-a02b-db683feb7dd8"><Output><StdOut>dasdasdas



TestContext Messages:
adssssssssssssssssssssssssssasd</StdOut></Output></UnitTestResult><UnitTestResult executionId="5517284f-67ba-476f-aad7-afbdbab4a61a" testId="247c0df6-72c8-8138-331b-573d022abdc8" testName="TestMethod1" computerName="3Azzoz" duration="00:00:00.0102323" startTime="2018-08-27T14:30:45.8358263+02:00" endTime="2018-08-27T14:30:45.8855812+02:00" testType="13cdc9d9-ddb5-4fa4-a97d-d965ccfc6d4b" outcome="Passed" testListId="8c84fa94-04c1-424b-9868-57a2d4851a1d" relativeResultsDirectory="5517284f-67ba-476f-aad7-afbdbab4a61a" /></Results><TestDefinitions><UnitTest name="TestMethod1" storage="/home/smsthn/documents/net/frstlnxasp/mslnxfrstasp/bookstest/bin/debug/netcoreapp2.0/bookstest.dll" id="247c0df6-72c8-8138-331b-573d022abdc8"><Execution id="5517284f-67ba-476f-aad7-afbdbab4a61a" /><TestMethod codeBase="/home/smsthn/Documents/Net/FrstLnxAsp/MsLnxFrstAsp/BooksTest/bin/Debug/netcoreapp2.0/BooksTest.dll" adapterTypeName="executor://mstestadapter/v2" className="BooksTest.UnitTest1" name="TestMethod1" /></UnitTest><UnitTest name="AddAndRemove" storage="/home/smsthn/documents/net/frstlnxasp/mslnxfrstasp/bookstest/bin/debug/netcoreapp2.0/bookstest.dll" id="4acadb70-925c-04ca-343b-a207dbd860d2"><Execution id="a34a66f1-eed1-4ef8-a02b-db683feb7dd8" /><TestMethod codeBase="/home/smsthn/Documents/Net/FrstLnxAsp/MsLnxFrstAsp/BooksTest/bin/Debug/netcoreapp2.0/BooksTest.dll" adapterTypeName="executor://mstestadapter/v2" className="BooksTest.UnitTest1" name="AddAndRemove" /></UnitTest></TestDefinitions><TestEntries><TestEntry testId="4acadb70-925c-04ca-343b-a207dbd860d2" executionId="a34a66f1-eed1-4ef8-a02b-db683feb7dd8" testListId="8c84fa94-04c1-424b-9868-57a2d4851a1d" /><TestEntry testId="247c0df6-72c8-8138-331b-573d022abdc8" executionId="5517284f-67ba-476f-aad7-afbdbab4a61a" testListId="8c84fa94-04c1-424b-9868-57a2d4851a1d" /></TestEntries><TestLists><TestList name="Results Not in a List" id="8c84fa94-04c1-424b-9868-57a2d4851a1d" /><TestList name="All Loaded Results" id="19431567-8539-422a-85d7-44ee4e166bda" /></TestLists><ResultSummary outcome="Completed"><Counters total="2" executed="2" passed="2" failed="0" error="0" timeout="0" aborted="0" inconclusive="0" passedButRunAborted="0" notRunnable="0" notExecuted="0" disconnected="0" warning="0" completed="0" inProgress="0" pending="0" /></ResultSummary></TestRun>